2025-03-14 07:46:46,770 [INFO] Activator:176 - 


2025-03-14 07:46:46,776 [INFO] Activator:177 - !SESSION log4j initialized
2025-03-14 07:46:49,009 [INFO] LogOutputStream:77 - [STDOUT_REDIRECT] 
2025-03-14 07:46:56,204 [INFO] ApplicationProperties:184 - Using Application install path: C:\ST\STM32CubeIDE_1.17.0\STM32CubeIDE\plugins\com.st.stm32cube.common.mx_6.13.0.202411220809
2025-03-14 07:46:56,225 [INFO] DbMcusXml:78 - Set database path to: C:\ST\STM32CubeIDE_1.17.0\STM32CubeIDE\plugins\com.st.stm32cube.common.mx_6.13.0.202411220809\\db\/mcu/
2025-03-14 07:46:56,225 [INFO] ApiDb:274 - Set plugin database path to: C:\ST\STM32CubeIDE_1.17.0\STM32CubeIDE\plugins\com.st.stm32cube.common.mx_6.13.0.202411220809\\db\/plugins/boardmanager/
2025-03-14 07:46:56,225 [WARN] ApiDb:259 - Overriding images path with different value:  => C:\ST\STM32CubeIDE_1.17.0\STM32CubeIDE\plugins\com.st.stm32cube.common.mx_6.13.0.202411220809\\db\/plugins/mcufinder/images/
2025-03-14 07:46:56,234 [INFO] ApiDb:250 - Set database path to: C:\Users\KCCISTC\.stmcufinder\plugins\mcufinder//mcu/
2025-03-14 07:46:56,236 [INFO] DbMcusAds:125 - Set database path to: C:\Users\KCCISTC\.stmcufinder\plugins\mcufinder//mcu/
2025-03-14 07:46:56,238 [INFO] CrossReferenceDbSqlite:203 - Set database path to: C:\Users\KCCISTC\.stmcufinder\plugins\mcufinder//mcu/cs/
2025-03-14 07:46:56,336 [INFO] RulesReader:64 - Compatibility file has been processed (297 Rules)
2025-03-14 07:46:56,435 [INFO] DbMcusXml:78 - Set database path to: C:\ST\STM32CubeIDE_1.17.0\STM32CubeIDE\plugins\com.st.stm32cube.common.mx_6.13.0.202411220809\\db\/mcu/
2025-03-14 07:46:56,435 [INFO] ApiDb:274 - Set plugin database path to: C:\ST\STM32CubeIDE_1.17.0\STM32CubeIDE\plugins\com.st.stm32cube.common.mx_6.13.0.202411220809\\db\/plugins/boardmanager/
2025-03-14 07:46:56,435 [INFO] ApiDb:261 - Set plugin images path to: C:\ST\STM32CubeIDE_1.17.0\STM32CubeIDE\plugins\com.st.stm32cube.common.mx_6.13.0.202411220809\\db\/plugins/mcufinder/images/
2025-03-14 07:46:56,436 [WARN] DbFile:41 - Overriding database path with different value: C:\Users\KCCISTC\.stmcufinder\plugins\mcufinder/ => C:\Users\KCCISTC\.stmcufinder\plugins\mcufinder
2025-03-14 07:46:56,436 [INFO] ApiDb:250 - Set database path to: C:\Users\KCCISTC\.stmcufinder\plugins\mcufinder//mcu/
2025-03-14 07:46:56,436 [WARN] DbFile:41 - Overriding database path with different value: C:\Users\KCCISTC\.stmcufinder\plugins\mcufinder/ => C:\Users\KCCISTC\.stmcufinder\plugins\mcufinder
2025-03-14 07:46:56,436 [INFO] DbMcusAds:125 - Set database path to: C:\Users\KCCISTC\.stmcufinder\plugins\mcufinder//mcu/
2025-03-14 07:46:56,436 [WARN] DbFile:41 - Overriding database path with different value: C:\Users\KCCISTC\.stmcufinder\plugins\mcufinder/ => C:\Users\KCCISTC\.stmcufinder\plugins\mcufinder
2025-03-14 07:46:56,436 [WARN] DbFile:41 - Overriding database path with different value: C:\Users\KCCISTC\.stmcufinder\plugins\mcufinder/ => C:\Users\KCCISTC\.stmcufinder\plugins\mcufinder
2025-03-14 07:46:56,436 [INFO] CrossReferenceDbSqlite:203 - Set database path to: C:\Users\KCCISTC\.stmcufinder\plugins\mcufinder//mcu/cs/
2025-03-14 07:46:56,516 [INFO] MainPanel:272 - HeapMemory: 268435456
2025-03-14 07:46:56,678 [INFO] DbMcusXml:78 - Set database path to: C:\ST\STM32CubeIDE_1.17.0\STM32CubeIDE\plugins\com.st.stm32cube.common.mx_6.13.0.202411220809\\db\/mcu/
2025-03-14 07:46:56,678 [INFO] ApiDb:274 - Set plugin database path to: C:\ST\STM32CubeIDE_1.17.0\STM32CubeIDE\plugins\com.st.stm32cube.common.mx_6.13.0.202411220809\\db\/plugins/boardmanager/
2025-03-14 07:46:56,678 [INFO] ApiDb:261 - Set plugin images path to: C:\ST\STM32CubeIDE_1.17.0\STM32CubeIDE\plugins\com.st.stm32cube.common.mx_6.13.0.202411220809\\db\/plugins/mcufinder/images/
2025-03-14 07:46:56,678 [WARN] DbFile:41 - Overriding database path with different value: C:\Users\KCCISTC\.stmcufinder\plugins\mcufinder/ => C:\Users\KCCISTC\.stmcufinder\plugins\mcufinder
2025-03-14 07:46:56,678 [INFO] ApiDb:250 - Set database path to: C:\Users\KCCISTC\.stmcufinder\plugins\mcufinder//mcu/
2025-03-14 07:46:56,678 [WARN] DbFile:41 - Overriding database path with different value: C:\Users\KCCISTC\.stmcufinder\plugins\mcufinder/ => C:\Users\KCCISTC\.stmcufinder\plugins\mcufinder
2025-03-14 07:46:56,678 [INFO] DbMcusAds:125 - Set database path to: C:\Users\KCCISTC\.stmcufinder\plugins\mcufinder//mcu/
2025-03-14 07:46:56,678 [WARN] DbFile:41 - Overriding database path with different value: C:\Users\KCCISTC\.stmcufinder\plugins\mcufinder/ => C:\Users\KCCISTC\.stmcufinder\plugins\mcufinder
2025-03-14 07:46:56,678 [WARN] DbFile:41 - Overriding database path with different value: C:\Users\KCCISTC\.stmcufinder\plugins\mcufinder/ => C:\Users\KCCISTC\.stmcufinder\plugins\mcufinder
2025-03-14 07:46:56,678 [INFO] CrossReferenceDbSqlite:203 - Set database path to: C:\Users\KCCISTC\.stmcufinder\plugins\mcufinder//mcu/cs/
2025-03-14 07:46:56,703 [INFO] ApplicationProperties:184 - Using Application install path: C:\ST\STM32CubeIDE_1.17.0\STM32CubeIDE\plugins\com.st.stm32cube.common.mx_6.13.0.202411220809
2025-03-14 07:46:56,704 [INFO] PluginManage:196 - Search for loadable plugins [exclusion list=, ]
2025-03-14 07:46:56,706 [INFO] PluginManage:310 - Check plugin analytics
2025-03-14 07:47:01,868 [INFO] AnalyticsPlugin:253 - Accepted Software Licenses: 
2025-03-14 07:47:01,868 [INFO] AnalyticsPlugin:255 - Accepted CMSIS Pack Licenses: 
2025-03-14 07:47:01,868 [INFO] AnalyticsPlugin:257 - Accepted Firmware Licenses: FW.F4.1.28.0
2025-03-14 07:47:01,874 [INFO] PluginManage:359 - Loaded plugin analytics (category:tool,tabindex:-1)
2025-03-14 07:47:01,874 [INFO] PluginManage:310 - Check plugin cadmodel
2025-03-14 07:47:01,884 [INFO] CADModel:105 - Init CAD model plugin
2025-03-14 07:47:01,884 [INFO] PluginManage:359 - Loaded plugin cadmodel (category:power,tabindex:5)
2025-03-14 07:47:01,884 [INFO] PluginManage:310 - Check plugin clock
2025-03-14 07:47:01,896 [INFO] PluginManage:359 - Loaded plugin clock (category:base,tabindex:2)
2025-03-14 07:47:01,896 [INFO] PluginManage:310 - Check plugin ddr
2025-03-14 07:47:01,899 [INFO] PluginManage:359 - Loaded plugin ddr (category:tool,tabindex:6)
2025-03-14 07:47:01,899 [INFO] PluginManage:310 - Check plugin filemanager
2025-03-14 07:47:02,038 [INFO] PluginManage:359 - Loaded plugin filemanager (category:base,tabindex:10)
2025-03-14 07:47:02,039 [INFO] PluginManage:310 - Check plugin ipmanager
2025-03-14 07:47:02,048 [INFO] PluginManage:359 - Loaded plugin ipmanager (category:base,tabindex:5)
2025-03-14 07:47:02,048 [INFO] PluginManage:310 - Check plugin lpbam
2025-03-14 07:47:02,056 [INFO] PluginManage:359 - Loaded plugin lpbam (category:base,tabindex:0)
2025-03-14 07:47:02,056 [INFO] PluginManage:310 - Check plugin memorymap
2025-03-14 07:47:02,073 [INFO] PluginManage:359 - Loaded plugin memorymap (category:base,tabindex:4)
2025-03-14 07:47:02,073 [INFO] PluginManage:310 - Check plugin pinoutandconfiguration
2025-03-14 07:47:02,083 [INFO] PluginManage:359 - Loaded plugin pinoutandconfiguration (category:base,tabindex:1)
2025-03-14 07:47:02,083 [INFO] PluginManage:310 - Check plugin pinoutconfig
2025-03-14 07:47:02,165 [WARN] SupportedApi:132 - Cannot load RTOS API schema: s4s-elt-must-match.1: The content of 'definitions' must match (annotation?, (simpleType | complexType)?, (unique | key | keyref)*)). A problem was found starting at: attribute.
2025-03-14 07:47:02,328 [INFO] PluginManage:359 - Loaded plugin pinoutconfig (category:base,tabindex:0)
2025-03-14 07:47:02,328 [INFO] PluginManage:310 - Check plugin power
2025-03-14 07:47:02,366 [INFO] PluginManage:359 - Loaded plugin power (category:power,tabindex:4)
2025-03-14 07:47:02,366 [INFO] PluginManage:310 - Check plugin projectmanager
2025-03-14 07:47:02,379 [INFO] PluginManage:359 - Loaded plugin projectmanager (category:projectmanager,tabindex:4)
2025-03-14 07:47:02,379 [INFO] PluginManage:310 - Check plugin rif
2025-03-14 07:47:02,390 [INFO] PluginManage:359 - Loaded plugin rif (category:base,tabindex:3)
2025-03-14 07:47:02,390 [INFO] PluginManage:310 - Check plugin thirdparty
2025-03-14 07:47:02,517 [WARN] IntegrityCheckThread:84 - waiting for thirdparty lock release [integrity check]
2025-03-14 07:47:02,518 [INFO] PluginManage:359 - Loaded plugin thirdparty (category:base,tabindex:-1)
2025-03-14 07:47:02,518 [INFO] IntegrityCheckThread:86 - entering critical section [integrity check]
2025-03-14 07:47:02,518 [INFO] PluginManage:310 - Check plugin tools
2025-03-14 07:47:02,518 [INFO] ThirdPartyUpdaterWithRetryManager:70 - Updater plugin not ready yet. [1/15]
2025-03-14 07:47:02,521 [INFO] PluginManage:359 - Loaded plugin tools (category:base,tabindex:7)
2025-03-14 07:47:02,521 [INFO] PluginManage:310 - Check plugin tutovideos
2025-03-14 07:47:02,698 [INFO] PluginManage:359 - Loaded plugin tutovideos (category:base,tabindex:-1)
2025-03-14 07:47:02,698 [INFO] PluginManage:310 - Check plugin updater
2025-03-14 07:47:02,718 [INFO] PluginManage:359 - Loaded plugin updater (category:base,tabindex:12)
2025-03-14 07:47:02,718 [INFO] PluginManage:310 - Check plugin userauth
2025-03-14 07:47:02,723 [INFO] UserAuth:118 - Init User Auth plugin
2025-03-14 07:47:02,723 [INFO] PluginManage:359 - Loaded plugin userauth (category:base,tabindex:14)
2025-03-14 07:47:02,724 [INFO] PluginManage:283 - PluginManage : Loaded plugins [18]
2025-03-14 07:47:02,929 [INFO] PinOutPanel:1589 - setPackage(No Configuration,No Configuration)
2025-03-14 07:47:03,007 [INFO] CADModel:165 - CPN selected for project level
2025-03-14 07:47:03,007 [INFO] CADModel:114 - Register for checkConnection events
2025-03-14 07:47:03,025 [INFO] IPUIPlugin:80 - create IPUIPlugin
2025-03-14 07:47:03,026 [INFO] PluginManager:220 - loadIPPluginJar : add adc
2025-03-14 07:47:03,028 [INFO] IPUIPlugin:80 - create IPUIPlugin
2025-03-14 07:47:03,029 [INFO] PluginManager:220 - loadIPPluginJar : add aes
2025-03-14 07:47:03,032 [INFO] IPUIPlugin:80 - create IPUIPlugin
2025-03-14 07:47:03,032 [INFO] PluginManager:220 - loadIPPluginJar : add can
2025-03-14 07:47:03,035 [INFO] IPUIPlugin:80 - create IPUIPlugin
2025-03-14 07:47:03,035 [INFO] PluginManager:220 - loadIPPluginJar : add comp
2025-03-14 07:47:03,037 [INFO] IPUIPlugin:80 - create IPUIPlugin
2025-03-14 07:47:03,037 [INFO] PluginManager:220 - loadIPPluginJar : add cryp
2025-03-14 07:47:03,044 [INFO] IPUIPlugin:80 - create IPUIPlugin
2025-03-14 07:47:03,044 [INFO] PluginManager:220 - loadIPPluginJar : add ddr_ctrl_phy
2025-03-14 07:47:03,047 [INFO] IPUIPlugin:80 - create IPUIPlugin
2025-03-14 07:47:03,047 [INFO] PluginManager:220 - loadIPPluginJar : add dfsdm
2025-03-14 07:47:03,052 [INFO] IPUIPlugin:80 - create IPUIPlugin
2025-03-14 07:47:03,052 [INFO] PluginManager:220 - loadIPPluginJar : add dma
2025-03-14 07:47:03,055 [INFO] IPUIPlugin:80 - create IPUIPlugin
2025-03-14 07:47:03,055 [INFO] PluginManager:220 - loadIPPluginJar : add dma3
2025-03-14 07:47:03,058 [INFO] IPUIPlugin:80 - create IPUIPlugin
2025-03-14 07:47:03,058 [INFO] PluginManager:220 - loadIPPluginJar : add extmemmanager
2025-03-14 07:47:03,059 [INFO] IPUIPlugin:80 - create IPUIPlugin
2025-03-14 07:47:03,059 [INFO] PluginManager:220 - loadIPPluginJar : add fatfs
2025-03-14 07:47:03,063 [INFO] IPUIPlugin:80 - create IPUIPlugin
2025-03-14 07:47:03,063 [INFO] PluginManager:220 - loadIPPluginJar : add fmc
2025-03-14 07:47:03,069 [INFO] IPUIPlugin:80 - create IPUIPlugin
2025-03-14 07:47:03,070 [INFO] PluginManager:220 - loadIPPluginJar : add freertos
2025-03-14 07:47:03,071 [INFO] IPUIPlugin:80 - create IPUIPlugin
2025-03-14 07:47:03,071 [INFO] PluginManager:220 - loadIPPluginJar : add genericplugin
2025-03-14 07:47:03,074 [INFO] IPUIPlugin:80 - create IPUIPlugin
2025-03-14 07:47:03,074 [INFO] PluginManager:220 - loadIPPluginJar : add gfxmmu
2025-03-14 07:47:03,079 [INFO] IPUIPlugin:80 - create IPUIPlugin
2025-03-14 07:47:03,079 [INFO] PluginManager:220 - loadIPPluginJar : add gic
2025-03-14 07:47:03,084 [INFO] IPUIPlugin:80 - create IPUIPlugin
2025-03-14 07:47:03,084 [INFO] PluginManager:220 - loadIPPluginJar : add gpio
2025-03-14 07:47:03,088 [INFO] IPUIPlugin:80 - create IPUIPlugin
2025-03-14 07:47:03,088 [INFO] PluginManager:220 - loadIPPluginJar : add gtzc
2025-03-14 07:47:03,090 [INFO] IPUIPlugin:80 - create IPUIPlugin
2025-03-14 07:47:03,090 [INFO] PluginManager:220 - loadIPPluginJar : add hash
2025-03-14 07:47:03,093 [INFO] IPUIPlugin:80 - create IPUIPlugin
2025-03-14 07:47:03,093 [INFO] PluginManager:220 - loadIPPluginJar : add i2c
2025-03-14 07:47:03,096 [INFO] IPUIPlugin:80 - create IPUIPlugin
2025-03-14 07:47:03,096 [INFO] PluginManager:220 - loadIPPluginJar : add i2s
2025-03-14 07:47:03,099 [INFO] IPUIPlugin:80 - create IPUIPlugin
2025-03-14 07:47:03,099 [INFO] PluginManager:220 - loadIPPluginJar : add i3c
2025-03-14 07:47:03,103 [INFO] IPUIPlugin:80 - create IPUIPlugin
2025-03-14 07:47:03,103 [INFO] PluginManager:220 - loadIPPluginJar : add ipddr
2025-03-14 07:47:03,109 [INFO] IPUIPlugin:80 - create IPUIPlugin
2025-03-14 07:47:03,109 [INFO] PluginManager:220 - loadIPPluginJar : add linkedlist
2025-03-14 07:47:03,112 [INFO] IPUIPlugin:80 - create IPUIPlugin
2025-03-14 07:47:03,112 [INFO] PluginManager:220 - loadIPPluginJar : add lorawan
2025-03-14 07:47:03,113 [INFO] IPUIPlugin:80 - create IPUIPlugin
2025-03-14 07:47:03,115 [INFO] PluginManager:220 - loadIPPluginJar : add ltdc
2025-03-14 07:47:03,120 [INFO] IPUIPlugin:80 - create IPUIPlugin
2025-03-14 07:47:03,120 [INFO] PluginManager:220 - loadIPPluginJar : add mdma
2025-03-14 07:47:03,126 [INFO] IPUIPlugin:80 - create IPUIPlugin
2025-03-14 07:47:03,126 [INFO] PluginManager:220 - loadIPPluginJar : add nvic
2025-03-14 07:47:03,129 [INFO] IPUIPlugin:80 - create IPUIPlugin
2025-03-14 07:47:03,129 [INFO] PluginManager:220 - loadIPPluginJar : add opamp
2025-03-14 07:47:03,132 [INFO] IPUIPlugin:80 - create IPUIPlugin
2025-03-14 07:47:03,132 [INFO] PluginManager:220 - loadIPPluginJar : add openamp
2025-03-14 07:47:03,135 [INFO] IPUIPlugin:80 - create IPUIPlugin
2025-03-14 07:47:03,135 [INFO] PluginManager:220 - loadIPPluginJar : add pdm2pcm
2025-03-14 07:47:03,140 [INFO] IPUIPlugin:80 - create IPUIPlugin
2025-03-14 07:47:03,142 [INFO] PluginManager:220 - loadIPPluginJar : add plateformsettings
2025-03-14 07:47:03,143 [INFO] IPUIPlugin:80 - create IPUIPlugin
2025-03-14 07:47:03,144 [INFO] PluginManager:220 - loadIPPluginJar : add quadspi
2025-03-14 07:47:03,146 [INFO] IPUIPlugin:80 - create IPUIPlugin
2025-03-14 07:47:03,146 [INFO] PluginManager:220 - loadIPPluginJar : add radio
2025-03-14 07:47:03,151 [INFO] IPUIPlugin:80 - create IPUIPlugin
2025-03-14 07:47:03,151 [INFO] PluginManager:220 - loadIPPluginJar : add resmgrutility
2025-03-14 07:47:03,154 [INFO] IPUIPlugin:80 - create IPUIPlugin
2025-03-14 07:47:03,154 [INFO] PluginManager:220 - loadIPPluginJar : add sai
2025-03-14 07:47:03,158 [INFO] IPUIPlugin:80 - create IPUIPlugin
2025-03-14 07:47:03,158 [INFO] PluginManager:220 - loadIPPluginJar : add spi
2025-03-14 07:47:03,164 [INFO] IPUIPlugin:80 - create IPUIPlugin
2025-03-14 07:47:03,164 [INFO] PluginManager:220 - loadIPPluginJar : add stm32_wpan
2025-03-14 07:47:03,166 [INFO] IPUIPlugin:80 - create IPUIPlugin
2025-03-14 07:47:03,166 [INFO] PluginManager:220 - loadIPPluginJar : add tim
2025-03-14 07:47:03,169 [INFO] IPUIPlugin:80 - create IPUIPlugin
2025-03-14 07:47:03,169 [INFO] PluginManager:220 - loadIPPluginJar : add touchsensing
2025-03-14 07:47:03,171 [INFO] IPUIPlugin:80 - create IPUIPlugin
2025-03-14 07:47:03,171 [INFO] PluginManager:220 - loadIPPluginJar : add tracer_emb
2025-03-14 07:47:03,173 [INFO] IPUIPlugin:80 - create IPUIPlugin
2025-03-14 07:47:03,173 [INFO] PluginManager:220 - loadIPPluginJar : add ts
2025-03-14 07:47:03,175 [INFO] IPUIPlugin:80 - create IPUIPlugin
2025-03-14 07:47:03,175 [INFO] PluginManager:220 - loadIPPluginJar : add tsc
2025-03-14 07:47:03,176 [INFO] IPUIPlugin:80 - create IPUIPlugin
2025-03-14 07:47:03,176 [INFO] PluginManager:220 - loadIPPluginJar : add ucpd
2025-03-14 07:47:03,179 [INFO] IPUIPlugin:80 - create IPUIPlugin
2025-03-14 07:47:03,179 [INFO] PluginManager:220 - loadIPPluginJar : add usart
2025-03-14 07:47:03,183 [INFO] IPUIPlugin:80 - create IPUIPlugin
2025-03-14 07:47:03,183 [INFO] PluginManager:220 - loadIPPluginJar : add usbx
2025-03-14 07:47:03,306 [FATAL] Updater:351 - Updater called before beeing initialized
2025-03-14 07:47:03,331 [INFO] RulesReader:64 - Compatibility file has been processed (297 Rules)
2025-03-14 07:47:03,342 [INFO] RulesReader:64 - Compatibility file has been processed (297 Rules)
2025-03-14 07:47:03,353 [INFO] CADModel:165 - CPN selected for project level
2025-03-14 07:47:03,354 [INFO] CADModel:114 - Register for checkConnection events
2025-03-14 07:47:03,354 [FATAL] Updater:351 - Updater called before beeing initialized
2025-03-14 07:47:03,354 [ERROR] CADModel:125 - Updater not yet initialized, retry later 
2025-03-14 07:47:03,506 [FATAL] Updater:351 - Updater called before beeing initialized
2025-03-14 07:47:03,508 [INFO] CADModel:165 - CPN selected for project level
2025-03-14 07:47:03,508 [INFO] CADModel:114 - Register for checkConnection events
2025-03-14 07:47:03,508 [FATAL] Updater:351 - Updater called before beeing initialized
2025-03-14 07:47:03,508 [ERROR] CADModel:125 - Updater not yet initialized, retry later 
2025-03-14 07:47:03,510 [FATAL] Updater:351 - Updater called before beeing initialized
2025-03-14 07:47:03,600 [FATAL] Updater:351 - Updater called before beeing initialized
2025-03-14 07:47:03,605 [INFO] DbMcusAds:53 - JSON generation date=Thu Mar 06 23:54:21 KST 2025 (1741272861825)
2025-03-14 07:47:03,605 [FATAL] Updater:351 - Updater called before beeing initialized
2025-03-14 07:47:03,650 [WARN] DetailPanel:346 - Failed to get advertising image, set to default
2025-03-14 07:47:03,855 [FATAL] Updater:351 - Updater called before beeing initialized
2025-03-14 07:47:03,856 [FATAL] Updater:351 - Updater called before beeing initialized
2025-03-14 07:47:03,856 [FATAL] Updater:351 - Updater called before beeing initialized
2025-03-14 07:47:03,856 [WARN] DetailPanel:346 - Failed to get advertising image, set to default
2025-03-14 07:47:03,857 [FATAL] Updater:351 - Updater called before beeing initialized
2025-03-14 07:47:03,903 [ERROR] Updater:1198 - MainUpdater not yet initialized. External WinMGr cannot be set.
2025-03-14 07:47:03,906 [INFO] Updater:1134 - Updater Version found : 6.13.0
2025-03-14 07:47:03,925 [INFO] ApplicationProperties:184 - Using Application install path: C:\ST\STM32CubeIDE_1.17.0\STM32CubeIDE\plugins\com.st.stm32cube.common.mx_6.13.0.202411220809
2025-03-14 07:47:05,504 [ERROR] LogOutputStream:75 - [STDERR_REDIRECT] Mar 14, 2025 7:47:05 AM java.util.prefs.WindowsPreferences <init>
2025-03-14 07:47:05,505 [ERROR] LogOutputStream:75 - [STDERR_REDIRECT] WARNING: Could not open/create prefs root node Software\JavaSoft\Prefs at root 0xffffffff80000002. Windows RegCreateKeyEx(...) returned error code 5.
2025-03-14 07:47:05,505 [ERROR] LogOutputStream:75 - [STDERR_REDIRECT] 
2025-03-14 07:47:05,520 [INFO] ThirdPartyUpdaterWithRetryManager:70 - Updater plugin not ready yet. [2/15]
2025-03-14 07:47:05,929 [INFO] MainUpdater:2872 - connection check result : 10
2025-03-14 07:47:05,930 [INFO] MainUpdater:289 - Updater Check For Update Now.
2025-03-14 07:47:05,930 [INFO] MicroXplorer:498 - Change Database Version : DB.6.0.130
2025-03-14 07:47:05,944 [INFO] McuFinderGlobals:63 - Set McuFinder mode to 2 (CubeIDE integrated)
2025-03-14 07:47:05,946 [INFO] UserAuth:486 - Internet connection configuration mode: 1
2025-03-14 07:47:05,985 [INFO] JxBrowserEngine:152 - Initiate JxBrowser Engine with user profile folder
2025-03-14 07:47:06,121 [INFO] CheckServerUpdateThread:120 - End of CheckServer Thread
2025-03-14 07:47:08,735 [WARN] PackLoader:240 - Cannot read IP mode file for STMicroelectronics.FP-SNS-MOTENVWB1.1.4.0
2025-03-14 07:47:08,750 [WARN] PackLoader:240 - Cannot read IP mode file for STMicroelectronics.FP-ATR-ASTRA1.2.0.2
2025-03-14 07:47:08,763 [WARN] PackLoader:240 - Cannot read IP mode file for STMicroelectronics.X-CUBE-SMBUS.2.1.0
2025-03-14 07:47:08,772 [WARN] PackLoader:240 - Cannot read IP mode file for STMicroelectronics.X-CUBE-WB05N.1.1.0
2025-03-14 07:47:08,813 [WARN] PackLoader:240 - Cannot read IP mode file for STMicroelectronics.X-CUBE-AZRTOS-F7.1.1.0
2025-03-14 07:47:08,829 [WARN] PackLoader:240 - Cannot read IP mode file for STMicroelectronics.FP-SNS-FLIGHT1.5.0.2
2025-03-14 07:47:08,863 [WARN] PackLoader:240 - Cannot read IP mode file for Infineon.AIROC-Wi-Fi-Bluetooth-STM32.1.7.0
2025-03-14 07:47:08,878 [WARN] PackLoader:240 - Cannot read IP mode file for STMicroelectronics.X-CUBE-DISPLAY.3.0.0
2025-03-14 07:47:08,888 [WARN] PackLoader:240 - Cannot read IP mode file for STMicroelectronics.X-CUBE-BLE1.7.0.0
2025-03-14 07:47:08,896 [WARN] PackLoader:240 - Cannot read IP mode file for STMicroelectronics.X-CUBE-NFC10.1.0.0
2025-03-14 07:47:08,909 [WARN] PackLoader:240 - Cannot read IP mode file for STMicroelectronics.X-CUBE-BLEMGR.4.0.0
2025-03-14 07:47:08,922 [WARN] PackLoader:240 - Cannot read IP mode file for emotas.I-CUBE-CANOPEN.1.3.0
2025-03-14 07:47:08,929 [WARN] PackLoader:240 - Cannot read IP mode file for STMicroelectronics.X-CUBE-AI.10.0.0
2025-03-14 07:47:08,935 [WARN] PackLoader:240 - Cannot read IP mode file for STMicroelectronics.FP-SNS-SMARTAG2.1.2.0
2025-03-14 07:47:08,942 [WARN] PackLoader:240 - Cannot read IP mode file for STMicroelectronics.FP-SNS-FLIGHT1.5.1.0
2025-03-14 07:47:08,987 [WARN] PackLoader:240 - Cannot read IP mode file for STMicroelectronics.X-CUBE-MEMS1.11.1.0
2025-03-14 07:47:09,090 [INFO] LogOutputStream:77 - [STDOUT_REDIRECT] 1 : Invalid condition id : UX_CORESTACK_Condition cause : null
2025-03-14 07:47:09,090 [INFO] LogOutputStream:77 - [STDOUT_REDIRECT] 1 : Invalid condition id : UX_CORESTACK_Condition cause : null
2025-03-14 07:47:09,090 [INFO] LogOutputStream:77 - [STDOUT_REDIRECT] 1 : Invalid condition id : UX_CORESTACK_Condition cause : null
2025-03-14 07:47:09,091 [INFO] LogOutputStream:77 - [STDOUT_REDIRECT] 1 : Invalid condition id : UX_CORESTACK_Condition cause : null
2025-03-14 07:47:09,092 [INFO] LogOutputStream:77 - [STDOUT_REDIRECT] 1 : Invalid condition id : UX_CORESTACK_Condition cause : null
2025-03-14 07:47:09,093 [WARN] PackLoader:240 - Cannot read IP mode file for STMicroelectronics.X-CUBE-AZRTOS-WL.2.0.0
2025-03-14 07:47:09,097 [WARN] PackLoader:240 - Cannot read IP mode file for STMicroelectronics.FP-SNS-MOTENV1.5.0.0
2025-03-14 07:47:09,104 [WARN] PackLoader:240 - Cannot read IP mode file for WES.I-CUBE-Cesium.1.3.0
2025-03-14 07:47:09,107 [WARN] PackLoader:240 - Cannot read IP mode file for STMicroelectronics.X-CUBE-BLE2.3.3.0
2025-03-14 07:47:09,112 [WARN] PackLoader:240 - Cannot read IP mode file for STMicroelectronics.X-CUBE-NFC9.1.0.0
2025-03-14 07:47:09,115 [WARN] PackLoader:240 - Cannot read IP mode file for STMicroelectronics.X-CUBE-BLE1.7.1.0
2025-03-14 07:47:09,118 [INFO] WebApp:168 - Instantiating new browser for Auth
2025-03-14 07:47:09,119 [WARN] PackLoader:240 - Cannot read IP mode file for wolfSSL.I-CUBE-wolfMQTT.1.19.2
2025-03-14 07:47:09,134 [WARN] PackLoader:240 - Cannot read IP mode file for STMicroelectronics.X-CUBE-AZRTOS-G0.1.1.0
2025-03-14 07:47:09,154 [WARN] PackLoader:240 - Cannot read IP mode file for STMicroelectronics.X-CUBE-SAFEA1.1.2.2
2025-03-14 07:47:09,165 [WARN] PackLoader:240 - Cannot read IP mode file for STMicroelectronics.X-CUBE-NFC4.3.0.0
2025-03-14 07:47:09,177 [WARN] PackLoader:240 - Cannot read IP mode file for EmbeddedOffice.I-CUBE-FS-RTOS.1.0.1
2025-03-14 07:47:09,183 [WARN] PackLoader:240 - Cannot read IP mode file for wolfSSL.I-CUBE-wolfTPM.3.8.0
2025-03-14 07:47:09,194 [WARN] PackLoader:240 - Cannot read IP mode file for STMicroelectronics.X-CUBE-TCPP.4.2.0
2025-03-14 07:47:09,203 [WARN] PackLoader:240 - Cannot read IP mode file for RealThread.X-CUBE-RT-Thread_Nano.4.1.1
2025-03-14 07:47:09,208 [WARN] PackLoader:240 - Cannot read IP mode file for STMicroelectronics.FP-ATR-SIGFOX1.3.2.0
2025-03-14 07:47:09,213 [WARN] ConditionMgr:438 - getConditionDescription Invalid condition id : Cortex-A Device cause : null
2025-03-14 07:47:09,228 [WARN] ConditionMgr:1044 - genDependencies : Invalid condition id : Cortex-A Device cause : null
2025-03-14 07:47:09,228 [WARN] ConditionMgr:1044 - genDependencies : Invalid condition id : Cortex-A Device cause : null
2025-03-14 07:47:09,228 [WARN] ConditionMgr:1044 - genDependencies : Invalid condition id : Cortex-A Device cause : null
2025-03-14 07:47:09,233 [WARN] PackLoader:240 - Cannot read IP mode file for STMicroelectronics.X-CUBE-EEPRMA1.5.1.0
2025-03-14 07:47:09,239 [WARN] PackLoader:240 - Cannot read IP mode file for wolfSSL.I-CUBE-wolfSSL.5.7.6
2025-03-14 07:47:09,249 [WARN] PackLoader:240 - Cannot read IP mode file for ITTIA_DB.I-CUBE-ITTIADB.8.9.0
2025-03-14 07:47:09,276 [WARN] PackLoader:240 - Cannot read IP mode file for SEGGER.I-CUBE-embOS.1.3.1
2025-03-14 07:47:09,312 [WARN] PackLoader:240 - Cannot read IP mode file for STMicroelectronics.X-CUBE-ALGOBUILD.1.4.0
2025-03-14 07:47:09,353 [WARN] PackLoader:240 - Cannot read IP mode file for STMicroelectronics.X-CUBE-AZRTOS-F4.1.1.0
2025-03-14 07:47:09,359 [WARN] PackLoader:240 - Cannot read IP mode file for STMicroelectronics.X-CUBE-ISPU.2.1.0
2025-03-14 07:47:09,369 [WARN] PackLoader:240 - Cannot read IP mode file for STMicroelectronics.X-CUBE-AZRTOS-L5.2.0.0
2025-03-14 07:47:09,376 [WARN] PackLoader:240 - Cannot read IP mode file for STMicroelectronics.X-CUBE-NFC6.3.1.0
2025-03-14 07:47:09,380 [WARN] PackLoader:240 - Cannot read IP mode file for STMicroelectronics.X-CUBE-DPower.1.2.0
2025-03-14 07:47:09,384 [WARN] PackLoader:240 - Cannot read IP mode file for STMicroelectronics.X-CUBE-FREERTOS.1.3.0
2025-03-14 07:47:09,388 [WARN] PackLoader:240 - Cannot read IP mode file for STMicroelectronics.X-CUBE-NFC7.1.0.1
2025-03-14 07:47:09,399 [WARN] ConditionMgr:438 - getConditionDescription Invalid condition id : LAN8742 Phy interface Condition cause : null
2025-03-14 07:47:09,400 [WARN] PackLoader:240 - Cannot read IP mode file for STMicroelectronics.X-CUBE-AZRTOS-L4.2.0.0
2025-03-14 07:47:09,400 [WARN] ConditionMgr:1044 - genDependencies : Invalid condition id : LAN8742 Phy interface Condition cause : null
2025-03-14 07:47:09,400 [WARN] ConditionMgr:1044 - genDependencies : Invalid condition id : LAN8742 Phy interface Condition cause : null
2025-03-14 07:47:09,401 [WARN] ConditionMgr:1044 - genDependencies : Invalid condition id : LAN8742 Phy interface Condition cause : null
2025-03-14 07:47:09,405 [WARN] PackLoader:240 - Cannot read IP mode file for STMicroelectronics.X-CUBE-SFXS2LP1.4.0.0
2025-03-14 07:47:09,417 [WARN] PackLoader:240 - Cannot read IP mode file for STMicroelectronics.X-CUBE-AZRTOS-H7.3.3.0
2025-03-14 07:47:09,427 [WARN] ConditionMgr:438 - getConditionDescription Invalid condition id : UX DEVICE CLASS RTOS Condition cause : null
2025-03-14 07:47:09,427 [WARN] ConditionMgr:438 - getConditionDescription Invalid condition id : UX DEVICE CLASS RTOS Condition cause : null
2025-03-14 07:47:09,428 [WARN] PackLoader:240 - Cannot read IP mode file for STMicroelectronics.X-CUBE-AZRTOS-WB.2.0.0
2025-03-14 07:47:09,429 [WARN] ConditionMgr:1044 - genDependencies : Invalid condition id : UX DEVICE CLASS RTOS Condition cause : null
2025-03-14 07:47:09,429 [WARN] ConditionMgr:1044 - genDependencies : Invalid condition id : UX DEVICE CLASS RTOS Condition cause : null
2025-03-14 07:47:09,429 [WARN] ConditionMgr:1044 - genDependencies : Invalid condition id : UX DEVICE CLASS RTOS Condition cause : null
2025-03-14 07:47:09,429 [WARN] ConditionMgr:1044 - genDependencies : Invalid condition id : UX DEVICE CLASS RTOS Condition cause : null
2025-03-14 07:47:09,429 [WARN] ConditionMgr:1044 - genDependencies : Invalid condition id : UX DEVICE CLASS RTOS Condition cause : null
2025-03-14 07:47:09,433 [WARN] PackLoader:240 - Cannot read IP mode file for STMicroelectronics.X-CUBE-GNSS1.7.0.1
2025-03-14 07:47:09,437 [WARN] PackLoader:240 - Cannot read IP mode file for STMicroelectronics.X-CUBE-TOUCHGFX.4.25.0
2025-03-14 07:47:09,442 [WARN] PackLoader:240 - Cannot read IP mode file for STMicroelectronics.FP-SNS-STBOX1.2.0.0
2025-03-14 07:47:09,450 [WARN] PackLoader:240 - Cannot read IP mode file for STMicroelectronics.X-CUBE-SUBG2.5.0.0
2025-03-14 07:47:09,455 [WARN] PackLoader:240 - Cannot read IP mode file for Cesanta.I-CUBE-Mongoose.7.13.0
2025-03-14 07:47:09,469 [WARN] PackLoader:240 - Cannot read IP mode file for STMicroelectronics.X-CUBE-AZRTOS-G4.2.0.0
2025-03-14 07:47:09,473 [WARN] PackLoader:240 - Cannot read IP mode file for wolfSSL.I-CUBE-wolfSSH.1.4.20
2025-03-14 07:47:09,480 [WARN] PackLoader:240 - Cannot read IP mode file for STMicroelectronics.X-CUBE-IPS.3.1.0
2025-03-14 07:47:09,488 [WARN] PackLoader:240 - Cannot read IP mode file for STMicroelectronics.X-CUBE-ALS.1.0.2
2025-03-14 07:47:09,490 [WARN] PackLoader:240 - Cannot read IP mode file for STMicroelectronics.X-CUBE-TOUCHGFX.4.24.2
2025-03-14 07:47:09,496 [WARN] PackLoader:240 - Cannot read IP mode file for portGmbH.I-Cube-SoM-uGOAL.1.1.0
2025-03-14 07:47:09,507 [WARN] PackLoader:240 - Cannot read IP mode file for STMicroelectronics.X-CUBE-AZRTOS-H7RS.1.0.0
2025-03-14 07:47:09,514 [WARN] PackLoader:240 - Cannot read IP mode file for STMicroelectronics.X-CUBE-TOF1.3.4.2
2025-03-14 07:47:09,520 [INFO] ThirdParty:978 - Integrity check success = true
2025-03-14 07:47:09,520 [INFO] IntegrityCheckThread:100 - exiting critical section [integrity check]
2025-03-14 07:47:09,520 [INFO] IntegrityCheckThread:103 - End integrity checks thread
2025-03-14 07:47:09,910 [INFO] WebApp:449 - Apply proxy settings
2025-03-14 07:47:09,911 [INFO] WebApp:534 - Chromium requires no authentication
2025-03-14 07:47:09,928 [INFO] WebApp:477 - Direct internet connection detected
2025-03-14 07:47:09,959 [INFO] WebApp:880 - Register for checkConnection events
2025-03-14 07:47:09,959 [INFO] WebApp:449 - Apply proxy settings
2025-03-14 07:47:09,959 [INFO] WebApp:534 - Chromium requires no authentication
2025-03-14 07:47:09,959 [INFO] WebApp:477 - Direct internet connection detected
2025-03-14 07:47:10,131 [INFO] WebApp:221 - Starting web application
2025-03-14 07:47:10,131 [INFO] WebApp:579 - Web application path used C:\ST\STM32CubeIDE_1.17.0\STM32CubeIDE\plugins\com.st.stm32cube.common.mx_6.13.0.202411220809\db\plugins\mcufinder\reactClient1\index.html
2025-03-14 07:47:10,198 [INFO] UserAuth:486 - Internet connection configuration mode: 1
2025-03-14 07:47:10,327 [INFO] WebApp:187 - Connection restablished
2025-03-14 07:48:51,263 [ERROR] LogOutputStream:75 - [STDERR_REDIRECT] 
2025-03-14 07:48:51,263 [ERROR] LogOutputStream:75 - [STDERR_REDIRECT] 
